=== Tic Tac Toe Debug Log - Started 2025-03-22 11:21:51.215171 ===

[2025-03-22 11:21:51.216] [INFO] [MAIN:MainThread] [debug_logger.info] Applying CustomTkinter patches for thread safety
[2025-03-22 11:21:51.219] [DEBUG] [MAIN:MainThread] [debug_logger.debug] Checking if we can continue starting up
[2025-03-22 11:21:51.219] [INFO] [MAIN:MainThread] [debug_logger.info] About to import SplashScreen
[2025-03-22 11:21:51.227] [INFO] [MAIN:MainThread] [debug_logger.info] About to import MainMenu
[2025-03-22 11:21:51.535] [INFO] [MAIN:MainThread] [debug_logger.info] About to import GameDataManager
[2025-03-22 11:21:51.536] [DEBUG] [BG:ForceExitMonitor] [debug_logger.debug] Starting force exit monitor with 60s timeout
[2025-03-22 11:21:51.536] [INFO] [MAIN:MainThread] [debug_logger.info] Starting Tic Tac Toe application
[2025-03-22 11:21:51.536] [INFO] [MAIN:MainThread] [debug_logger.info] Setting appearance mode to dark
[2025-03-22 11:21:51.536] [DEBUG] [BG:ForceExitMonitor] [debug_logger.debug] Heartbeat detected (0.3s ago), resetting monitor timeout
[2025-03-22 11:21:51.537] [INFO] [MAIN:MainThread] [debug_logger.info] Setting default color theme to blue
[2025-03-22 11:21:51.537] [DEBUG] [MAIN:MainThread] [debug_logger.debug] Set CustomTkinter appearance mode and color theme
[2025-03-22 11:21:51.537] [INFO] [MAIN:MainThread] [debug_logger.info] Disabling automatic DPI awareness
[2025-03-22 11:21:51.537] [DEBUG] [MAIN:MainThread] [debug_logger.debug] Disabled automatic DPI awareness
[2025-03-22 11:21:51.538] [INFO] [MAIN:MainThread] [debug_logger.info] Cleaning up stray after commands
[2025-03-22 11:21:51.538] [DEBUG] [MAIN:MainThread] [debug_logger.debug] Cleaned up stray after commands
[2025-03-22 11:21:51.538] [INFO] [MAIN:MainThread] [debug_logger.info] Initializing data manager
[2025-03-22 11:21:51.538] [DEBUG] [MAIN:MainThread] [debug_logger.debug] Data manager initialized successfully
[2025-03-22 11:21:51.538] [INFO] [MAIN:MainThread] [debug_logger.info] Initializing task manager
[2025-03-22 11:21:51.538] [DEBUG] [MAIN:MainThread] [debug_logger.debug] Task manager initialized successfully
[2025-03-22 11:21:51.538] [INFO] [MAIN:MainThread] [debug_logger.info] Checking for cached data
[2025-03-22 11:21:51.538] [DEBUG] [MAIN:MainThread] [debug_logger.debug] Checking for cached data at: /home/not_him/projects/hybrid/tictac/game_data/cached_data.pkl
[2025-03-22 11:21:51.900] [SUCCESS] [MAIN:MainThread] [debug_logger.success] Loaded cached game data
[2025-03-22 11:21:51.900] [INFO] [MAIN:MainThread] [debug_logger.info] Showing splash screen
[2025-03-22 11:21:51.900] [DEBUG] [MAIN:MainThread] [debug_logger.debug] Starting splash screen
[2025-03-22 11:21:52.537] [DEBUG] [BG:ForceExitMonitor] [debug_logger.debug] Heartbeat detected (1.3s ago), resetting monitor timeout
[2025-03-22 11:21:52.622] [INFO] [MAIN:MainThread] [debug_logger.info] Setting up UI thread watchdog timer
[2025-03-22 11:21:52.623] [INFO] [MAIN:MainThread] [debug_logger.info] About to call splash.start()
[2025-03-22 11:21:52.623] [DEBUG] [MAIN:MainThread] [debug_logger.debug] SplashScreen.start(): Initializing splash screen
[2025-03-22 11:21:52.623] [DEBUG] [MAIN:MainThread] [debug_logger.debug] Starting background loading thread
[2025-03-22 11:21:52.624] [DEBUG] [MAIN:MainThread] [debug_logger.debug] Set up UI watchdog with ID after#3
[2025-03-22 11:21:52.624] [DEBUG] [MAIN:MainThread] [debug_logger.debug] Starting the progress bar
[2025-03-22 11:21:52.627] [DEBUG] [MAIN:MainThread] [debug_logger.debug] Loading animation
[2025-03-22 11:21:52.633] [DEBUG] [MAIN:MainThread] [debug_logger.debug] Canceled UI watchdog - UI operations succeeded
[2025-03-22 11:21:52.634] [DEBUG] [MAIN:MainThread] [debug_logger.debug] Starting splash screen mainloop
[2025-03-22 11:21:53.538] [DEBUG] [BG:ForceExitMonitor] [debug_logger.debug] Heartbeat detected (2.3s ago), resetting monitor timeout
[2025-03-22 11:21:54.538] [DEBUG] [BG:ForceExitMonitor] [debug_logger.debug] Heartbeat detected (3.3s ago), resetting monitor timeout
[2025-03-22 11:21:54.853] [INFO] [BG:EmergencyTimeoutMonitor] [debug_logger.info] Early timeout monitor detected active UI for 2.2s, stopping monitoring
[2025-03-22 11:21:55.539] [DEBUG] [BG:ForceExitMonitor] [debug_logger.debug] Heartbeat detected (4.3s ago), resetting monitor timeout
[2025-03-22 11:21:56.540] [DEBUG] [BG:ForceExitMonitor] [debug_logger.debug] Heartbeat detected (5.3s ago), resetting monitor timeout
[2025-03-22 11:21:57.541] [DEBUG] [BG:ForceExitMonitor] [debug_logger.debug] Heartbeat detected (6.3s ago), resetting monitor timeout
[2025-03-22 11:21:58.244] [ERROR] [MAIN:MainThread] [debug_logger.error] WATCHDOG: UI thread may be blocked in splash screen start
[2025-03-22 11:21:58.246] [WARNING] [MAIN:MainThread] [debug_logger.warning] WATCHDOG: Attempting recovery...
[2025-03-22 11:21:58.246] [INFO] [MAIN:MainThread] [debug_logger.info] WATCHDOG: Executing emergency callback with available data
[2025-03-22 11:21:58.246] [TRANSITION] [MAIN:MainThread] [debug_logger.transition] Loading complete callback triggered, launching main menu
[2025-03-22 11:21:58.246] [DEBUG] [MAIN:MainThread] [debug_logger.debug] Starting main menu launch procedure - data keys: ['assets_manager', 'preloaded_assets', 'background_animation', 'move_tracker_system']
[2025-03-22 11:21:58.246] [DEBUG] [MAIN:MainThread] [debug_logger.debug] Setting data manager key: assets_manager
[2025-03-22 11:21:58.246] [DEBUG] [MAIN:MainThread] [debug_logger.debug] Added assets_manager to data manager
[2025-03-22 11:21:58.247] [DEBUG] [MAIN:MainThread] [debug_logger.debug] Setting data manager key: preloaded_assets
[2025-03-22 11:21:58.247] [DEBUG] [MAIN:MainThread] [debug_logger.debug] Added preloaded_assets to data manager
[2025-03-22 11:21:58.247] [DEBUG] [MAIN:MainThread] [debug_logger.debug] Setting data manager key: background_animation
[2025-03-22 11:21:58.253] [DEBUG] [MAIN:MainThread] [debug_logger.debug] Added background_animation to data manager
[2025-03-22 11:21:58.254] [DEBUG] [MAIN:MainThread] [debug_logger.debug] Setting data manager key: move_tracker_system
[2025-03-22 11:21:58.254] [DEBUG] [MAIN:MainThread] [debug_logger.debug] Added move_tracker_system to data manager
[2025-03-22 11:21:58.254] [DEBUG] [MAIN:MainThread] [debug_logger.debug] Starting background task to save cached data
[2025-03-22 11:21:58.255] [DEBUG] [BG:Thread-6 (task_wrapper)] [debug_logger.debug] Converting assets_manager to pickle-safe format
[2025-03-22 11:21:58.255] [DEBUG] [MAIN:MainThread] [debug_logger.debug] Preloaded menu available: False
[2025-03-22 11:21:58.256] [TRANSITION] [MAIN:MainThread] [debug_logger.transition] Creating new main menu instance
[2025-03-22 11:21:58.256] [DEBUG] [MAIN:MainThread] [debug_logger.debug] Initializing new MainMenu with data from data_manager
[2025-03-22 11:21:58.371] [DEBUG] [BG:Thread-6 (task_wrapper)] [debug_logger.debug] Preparing to save cache data with pickle-safe method
[2025-03-22 11:21:58.542] [DEBUG] [BG:ForceExitMonitor] [debug_logger.debug] Heartbeat detected (7.3s ago), resetting monitor timeout
[2025-03-22 11:21:59.542] [DEBUG] [BG:ForceExitMonitor] [debug_logger.debug] Heartbeat detected (8.3s ago), resetting monitor timeout
[2025-03-22 11:22:00.277] [SUCCESS] [BG:Thread-6 (task_wrapper)] [debug_logger.success] Saved cache data successfully
[2025-03-22 11:22:00.543] [DEBUG] [BG:ForceExitMonitor] [debug_logger.debug] Heartbeat detected (9.3s ago), resetting monitor timeout
[2025-03-22 11:22:01.017] [DEBUG] [BG:Thread-5 (_load_data)] [debug_logger.debug] Checking for AI model at: /home/not_him/projects/hybrid/tictac/ai_model.pkl
[2025-03-22 11:22:01.018] [DEBUG] [BG:Thread-5 (_load_data)] [debug_logger.debug] AI model file size: 0 bytes
[2025-03-22 11:22:01.018] [WARNING] [BG:Thread-5 (_load_data)] [debug_logger.warning] AI model file is empty, will need retraining
[2025-03-22 11:22:07.380] [SUCCESS] [MAIN:MainThread] [debug_logger.success] Main menu created successfully
[2025-03-22 11:22:07.381] [INFO] [MAIN:MainThread] [debug_logger.info] Main menu watchdog started
[2025-03-22 11:22:07.381] [DEBUG] [MAIN:MainThread] [debug_logger.debug] Starting main menu mainloop
[2025-03-22 11:22:07.382] [TRANSITION] [MAIN:MainThread] [debug_logger.transition] MainMenu.run() called
[2025-03-22 11:22:07.382] [DEBUG] [MAIN:MainThread] [debug_logger.debug] Starting main menu mainloop
[2025-03-22 11:22:07.382] [DEBUG] [MAIN:MainThread] [debug_logger.debug] Starting standard mainloop with safety checks
[2025-03-22 11:22:07.544] [DEBUG] [BG:ForceExitMonitor] [debug_logger.debug] Heartbeat detected (0.2s ago), resetting monitor timeout
[2025-03-22 11:22:08.550] [DEBUG] [BG:ForceExitMonitor] [debug_logger.debug] Heartbeat detected (1.2s ago), resetting monitor timeout
[2025-03-22 11:22:09.550] [DEBUG] [BG:ForceExitMonitor] [debug_logger.debug] Heartbeat detected (0.2s ago), resetting monitor timeout
[2025-03-22 11:22:10.552] [DEBUG] [BG:ForceExitMonitor] [debug_logger.debug] Heartbeat detected (1.2s ago), resetting monitor timeout
[2025-03-22 11:22:11.553] [DEBUG] [BG:ForceExitMonitor] [debug_logger.debug] Heartbeat detected (0.2s ago), resetting monitor timeout
[2025-03-22 11:22:12.381] [INFO] [MAIN:MainThread] [debug_logger.info] Main menu watchdog check running
[2025-03-22 11:22:12.382] [INFO] [MAIN:MainThread] [debug_logger.info] Main menu is responsive, watchdog rescheduled (heartbeat #4)
[2025-03-22 11:22:12.553] [DEBUG] [BG:ForceExitMonitor] [debug_logger.debug] Heartbeat detected (0.2s ago), resetting monitor timeout
[2025-03-22 11:22:13.554] [DEBUG] [BG:ForceExitMonitor] [debug_logger.debug] Heartbeat detected (0.2s ago), resetting monitor timeout
[2025-03-22 11:22:14.556] [DEBUG] [BG:ForceExitMonitor] [debug_logger.debug] Heartbeat detected (1.2s ago), resetting monitor timeout
[2025-03-22 11:22:15.556] [DEBUG] [BG:ForceExitMonitor] [debug_logger.debug] Heartbeat detected (0.2s ago), resetting monitor timeout
[2025-03-22 11:22:16.557] [DEBUG] [BG:ForceExitMonitor] [debug_logger.debug] Heartbeat detected (1.2s ago), resetting monitor timeout
[2025-03-22 11:22:17.383] [INFO] [MAIN:MainThread] [debug_logger.info] Main menu watchdog check running
[2025-03-22 11:22:17.383] [INFO] [MAIN:MainThread] [debug_logger.info] Main menu is responsive, watchdog rescheduled (heartbeat #7)
[2025-03-22 11:22:17.558] [DEBUG] [BG:ForceExitMonitor] [debug_logger.debug] Heartbeat detected (0.2s ago), resetting monitor timeout
[2025-03-22 11:22:18.558] [DEBUG] [BG:ForceExitMonitor] [debug_logger.debug] Heartbeat detected (1.2s ago), resetting monitor timeout
[2025-03-22 11:22:19.559] [DEBUG] [BG:ForceExitMonitor] [debug_logger.debug] Heartbeat detected (0.2s ago), resetting monitor timeout
[2025-03-22 11:22:20.559] [DEBUG] [BG:ForceExitMonitor] [debug_logger.debug] Heartbeat detected (1.2s ago), resetting monitor timeout
[2025-03-22 11:22:21.544] [INFO] [MAIN:MainThread] [debug_logger.info] Signal timeout triggered but UI already active, ignoring
[2025-03-22 11:22:21.560] [DEBUG] [BG:ForceExitMonitor] [debug_logger.debug] Heartbeat detected (0.2s ago), resetting monitor timeout
[2025-03-22 11:22:22.384] [INFO] [MAIN:MainThread] [debug_logger.info] Main menu watchdog check running
[2025-03-22 11:22:22.384] [INFO] [MAIN:MainThread] [debug_logger.info] Main menu is responsive, watchdog rescheduled (heartbeat #11)
[2025-03-22 11:22:22.560] [DEBUG] [BG:ForceExitMonitor] [debug_logger.debug] Heartbeat detected (0.2s ago), resetting monitor timeout
[2025-03-22 11:22:23.561] [DEBUG] [BG:ForceExitMonitor] [debug_logger.debug] Heartbeat detected (0.2s ago), resetting monitor timeout
[2025-03-22 11:22:24.563] [DEBUG] [BG:ForceExitMonitor] [debug_logger.debug] Heartbeat detected (1.2s ago), resetting monitor timeout
[2025-03-22 11:22:25.564] [DEBUG] [BG:ForceExitMonitor] [debug_logger.debug] Heartbeat detected (2.2s ago), resetting monitor timeout
[2025-03-22 11:22:26.565] [DEBUG] [BG:ForceExitMonitor] [debug_logger.debug] Heartbeat detected (3.2s ago), resetting monitor timeout
[2025-03-22 11:22:27.569] [DEBUG] [BG:ForceExitMonitor] [debug_logger.debug] Heartbeat detected (4.2s ago), resetting monitor timeout
[2025-03-22 11:22:28.571] [DEBUG] [BG:ForceExitMonitor] [debug_logger.debug] Heartbeat detected (5.2s ago), resetting monitor timeout
[2025-03-22 11:22:29.572] [DEBUG] [BG:ForceExitMonitor] [debug_logger.debug] Heartbeat detected (6.2s ago), resetting monitor timeout
[2025-03-22 11:22:30.573] [DEBUG] [BG:ForceExitMonitor] [debug_logger.debug] Heartbeat detected (7.2s ago), resetting monitor timeout
[2025-03-22 11:22:31.574] [DEBUG] [BG:ForceExitMonitor] [debug_logger.debug] Heartbeat detected (8.2s ago), resetting monitor timeout
[2025-03-22 11:22:32.574] [DEBUG] [BG:ForceExitMonitor] [debug_logger.debug] Heartbeat detected (9.2s ago), resetting monitor timeout
[2025-03-22 11:22:32.883] [WARNING] [MAIN:MainThread] [debug_logger.warning] UI thread may be stuck - 7.8s since last heartbeat
[2025-03-22 11:22:32.883] [INFO] [MAIN:MainThread] [debug_logger.info] Main menu watchdog check running
[2025-03-22 11:22:32.883] [INFO] [MAIN:MainThread] [debug_logger.info] Main menu is responsive, watchdog rescheduled (heartbeat #16)
[2025-03-22 11:22:33.362] [INFO] [MAIN:MainThread] [debug_logger.info] Processed pending events to unstick UI
[2025-03-22 11:22:33.575] [DEBUG] [BG:ForceExitMonitor] [debug_logger.debug] Heartbeat detected (0.0s ago), resetting monitor timeout
[2025-03-22 11:22:34.576] [DEBUG] [BG:ForceExitMonitor] [debug_logger.debug] Heartbeat detected (0.0s ago), resetting monitor timeout
[2025-03-22 11:22:35.578] [DEBUG] [BG:ForceExitMonitor] [debug_logger.debug] Heartbeat detected (0.0s ago), resetting monitor timeout
[2025-03-22 11:22:36.578] [DEBUG] [BG:ForceExitMonitor] [debug_logger.debug] Heartbeat detected (0.0s ago), resetting monitor timeout
[2025-03-22 11:22:37.579] [DEBUG] [BG:ForceExitMonitor] [debug_logger.debug] Heartbeat detected (0.0s ago), resetting monitor timeout
[2025-03-22 11:22:37.887] [INFO] [MAIN:MainThread] [debug_logger.info] Main menu watchdog check running
[2025-03-22 11:22:37.887] [INFO] [MAIN:MainThread] [debug_logger.info] Main menu is responsive, watchdog rescheduled (heartbeat #39)
[2025-03-22 11:22:38.579] [DEBUG] [BG:ForceExitMonitor] [debug_logger.debug] Heartbeat detected (0.5s ago), resetting monitor timeout
[2025-03-22 11:22:39.580] [DEBUG] [BG:ForceExitMonitor] [debug_logger.debug] Heartbeat detected (0.2s ago), resetting monitor timeout
[2025-03-22 11:22:40.581] [DEBUG] [BG:ForceExitMonitor] [debug_logger.debug] Heartbeat detected (0.5s ago), resetting monitor timeout
[2025-03-22 11:22:41.581] [DEBUG] [BG:ForceExitMonitor] [debug_logger.debug] Heartbeat detected (0.2s ago), resetting monitor timeout
[2025-03-22 11:22:42.582] [DEBUG] [BG:ForceExitMonitor] [debug_logger.debug] Heartbeat detected (0.5s ago), resetting monitor timeout
[2025-03-22 11:22:42.888] [INFO] [MAIN:MainThread] [debug_logger.info] Main menu watchdog check running
[2025-03-22 11:22:42.889] [INFO] [MAIN:MainThread] [debug_logger.info] Main menu is responsive, watchdog rescheduled (heartbeat #53)
[2025-03-22 11:22:43.582] [DEBUG] [BG:ForceExitMonitor] [debug_logger.debug] Heartbeat detected (0.2s ago), resetting monitor timeout
[2025-03-22 11:22:44.583] [DEBUG] [BG:ForceExitMonitor] [debug_logger.debug] Heartbeat detected (0.5s ago), resetting monitor timeout
[2025-03-22 11:22:45.583] [DEBUG] [BG:ForceExitMonitor] [debug_logger.debug] Heartbeat detected (0.2s ago), resetting monitor timeout
[2025-03-22 11:22:46.585] [DEBUG] [BG:ForceExitMonitor] [debug_logger.debug] Heartbeat detected (1.0s ago), resetting monitor timeout
[2025-03-22 11:22:47.586] [DEBUG] [BG:ForceExitMonitor] [debug_logger.debug] Heartbeat detected (0.2s ago), resetting monitor timeout
[2025-03-22 11:22:47.908] [INFO] [MAIN:MainThread] [debug_logger.info] Main menu watchdog check running
[2025-03-22 11:22:47.910] [INFO] [MAIN:MainThread] [debug_logger.info] Main menu is responsive, watchdog rescheduled (heartbeat #64)
[2025-03-22 11:22:48.590] [DEBUG] [BG:ForceExitMonitor] [debug_logger.debug] Heartbeat detected (0.7s ago), resetting monitor timeout
[2025-03-22 11:22:49.590] [DEBUG] [BG:ForceExitMonitor] [debug_logger.debug] Heartbeat detected (1.7s ago), resetting monitor timeout
[2025-03-22 11:22:50.591] [DEBUG] [BG:ForceExitMonitor] [debug_logger.debug] Heartbeat detected (2.7s ago), resetting monitor timeout
[2025-03-22 11:22:51.592] [DEBUG] [BG:ForceExitMonitor] [debug_logger.debug] Heartbeat detected (3.7s ago), resetting monitor timeout
[2025-03-22 11:22:52.592] [DEBUG] [BG:ForceExitMonitor] [debug_logger.debug] Heartbeat detected (4.7s ago), resetting monitor timeout
[2025-03-22 11:22:53.597] [DEBUG] [BG:ForceExitMonitor] [debug_logger.debug] Heartbeat detected (5.7s ago), resetting monitor timeout
[2025-03-22 11:22:54.598] [DEBUG] [BG:ForceExitMonitor] [debug_logger.debug] Heartbeat detected (6.7s ago), resetting monitor timeout
[2025-03-22 11:22:55.600] [DEBUG] [BG:ForceExitMonitor] [debug_logger.debug] Heartbeat detected (7.7s ago), resetting monitor timeout
[2025-03-22 11:22:56.601] [DEBUG] [BG:ForceExitMonitor] [debug_logger.debug] Heartbeat detected (8.7s ago), resetting monitor timeout
[2025-03-22 11:22:57.605] [DEBUG] [BG:ForceExitMonitor] [debug_logger.debug] Heartbeat detected (9.7s ago), resetting monitor timeout
